<?xml version="1.0" encoding="UTF-8"?>
<!-- Generated by org.testng.reporters.JUnitXMLReporter -->
<testsuite ignored="0" hostname="Ranjithas-MacBook-Air.local" failures="1" tests="2" name="Error Validations Test" time="6.807" errors="0" timestamp="2023-12-20T22:13:27 IST">
  <testcase classname="Framework.tests.ErrorValidationsTest" name="cartProductVerification" time="0.524">
    <failure type="java.lang.NullPointerException" message="Cannot invoke &amp;quot;org.openqa.selenium.WebElement.findElement(org.openqa.selenium.By)&amp;quot; because &amp;quot;prod&amp;quot; is null">
      <![CDATA[java.lang.NullPointerException: Cannot invoke "org.openqa.selenium.WebElement.findElement(org.openqa.selenium.By)" because "prod" is null
at Framework.pageobjects.ProductCatalogue.addTocart(ProductCatalogue.java:59)
at Framework.tests.ErrorValidationsTest.cartProductVerification(ErrorValidationsTest.java:33)
at java.base/java.util.ArrayList.forEach(ArrayList.java:1511)
... Removed 31 stack frames]]>
    </failure>
  </testcase> <!-- cartProductVerification -->
  <testcase classname="Framework.tests.ErrorValidationsTest" name="loginErrorValidation" time="0.858"/>
</testsuite> <!-- Error Validations Test -->
